<?xml version="1.0" encoding="UTF-8" standalone="no"?>
<!DOCTYPE report PUBLIC "-//JACOCO//DTD Report 1.1//EN" "report.dtd"[]>
<report name="Pester (08/04/2022 03:24:12)">
  <sessioninfo id="this" start="1659583446176" dump="1659583452173" />
  <package name="powershell">
    <class name="powershell/azure-ad-user-pass" sourcefilename="azure-ad-user-pass.ps1">
      <method name="Abort" desc="()" line="11">
        <counter type="INSTRUCTION" missed="0" covered="2" />
        <counter type="LINE" missed="0" covered="1" />
        <counter type="METHOD" missed="0" covered="1" />
      </method>
      <method name="ConnectionSetup" desc="()" line="19">
        <counter type="INSTRUCTION" missed="0" covered="8" />
        <counter type="LINE" missed="0" covered="7" />
        <counter type="METHOD" missed="0" covered="1" />
      </method>
      <method name="GetAdUserID" desc="()" line="34">
        <counter type="INSTRUCTION" missed="0" covered="9" />
        <counter type="LINE" missed="0" covered="8" />
        <counter type="METHOD" missed="0" covered="1" />
      </method>
      <method name="GetAdGroupID" desc="()" line="53">
        <counter type="INSTRUCTION" missed="0" covered="9" />
        <counter type="LINE" missed="0" covered="8" />
        <counter type="METHOD" missed="0" covered="1" />
      </method>
      <method name="AddDropGroupMember" desc="()" line="74">
        <counter type="INSTRUCTION" missed="0" covered="10" />
        <counter type="LINE" missed="0" covered="10" />
        <counter type="METHOD" missed="0" covered="1" />
      </method>
      <method name="main" desc="()" line="98">
        <counter type="INSTRUCTION" missed="4" covered="16" />
        <counter type="LINE" missed="0" covered="13" />
        <counter type="METHOD" missed="0" covered="1" />
      </method>
      <method name="&lt;script&gt;" desc="()" line="119">
        <counter type="INSTRUCTION" missed="1" covered="1" />
        <counter type="LINE" missed="1" covered="1" />
        <counter type="METHOD" missed="0" covered="1" />
      </method>
      <counter type="INSTRUCTION" missed="5" covered="55" />
      <counter type="LINE" missed="1" covered="48" />
      <counter type="METHOD" missed="0" covered="7" />
      <counter type="CLASS" missed="0" covered="1" />
    </class>
    <sourcefile name="azure-ad-user-pass.ps1">
      <line nr="11" mi="0" ci="2" mb="0" cb="0" />
      <line nr="19" mi="0" ci="1" mb="0" cb="0" />
      <line nr="20" mi="0" ci="1" mb="0" cb="0" />
      <line nr="21" mi="0" ci="2" mb="0" cb="0" />
      <line nr="22" mi="0" ci="1" mb="0" cb="0" />
      <line nr="25" mi="0" ci="1" mb="0" cb="0" />
      <line nr="26" mi="0" ci="1" mb="0" cb="0" />
      <line nr="29" mi="0" ci="1" mb="0" cb="0" />
      <line nr="34" mi="0" ci="1" mb="0" cb="0" />
      <line nr="37" mi="0" ci="2" mb="0" cb="0" />
      <line nr="38" mi="0" ci="1" mb="0" cb="0" />
      <line nr="39" mi="0" ci="1" mb="0" cb="0" />
      <line nr="43" mi="0" ci="1" mb="0" cb="0" />
      <line nr="44" mi="0" ci="1" mb="0" cb="0" />
      <line nr="47" mi="0" ci="1" mb="0" cb="0" />
      <line nr="48" mi="0" ci="1" mb="0" cb="0" />
      <line nr="53" mi="0" ci="1" mb="0" cb="0" />
      <line nr="56" mi="0" ci="2" mb="0" cb="0" />
      <line nr="57" mi="0" ci="1" mb="0" cb="0" />
      <line nr="58" mi="0" ci="1" mb="0" cb="0" />
      <line nr="62" mi="0" ci="1" mb="0" cb="0" />
      <line nr="63" mi="0" ci="1" mb="0" cb="0" />
      <line nr="66" mi="0" ci="1" mb="0" cb="0" />
      <line nr="67" mi="0" ci="1" mb="0" cb="0" />
      <line nr="74" mi="0" ci="1" mb="0" cb="0" />
      <line nr="75" mi="0" ci="1" mb="0" cb="0" />
      <line nr="77" mi="0" ci="1" mb="0" cb="0" />
      <line nr="79" mi="0" ci="1" mb="0" cb="0" />
      <line nr="81" mi="0" ci="1" mb="0" cb="0" />
      <line nr="84" mi="0" ci="1" mb="0" cb="0" />
      <line nr="85" mi="0" ci="1" mb="0" cb="0" />
      <line nr="89" mi="0" ci="1" mb="0" cb="0" />
      <line nr="90" mi="0" ci="1" mb="0" cb="0" />
      <line nr="93" mi="0" ci="1" mb="0" cb="0" />
      <line nr="98" mi="0" ci="2" mb="0" cb="0" />
      <line nr="100" mi="1" ci="2" mb="0" cb="0" />
      <line nr="102" mi="0" ci="1" mb="0" cb="0" />
      <line nr="103" mi="0" ci="1" mb="0" cb="0" />
      <line nr="104" mi="1" ci="1" mb="0" cb="0" />
      <line nr="106" mi="0" ci="1" mb="0" cb="0" />
      <line nr="107" mi="0" ci="1" mb="0" cb="0" />
      <line nr="108" mi="1" ci="1" mb="0" cb="0" />
      <line nr="110" mi="0" ci="1" mb="0" cb="0" />
      <line nr="111" mi="0" ci="1" mb="0" cb="0" />
      <line nr="112" mi="1" ci="1" mb="0" cb="0" />
      <line nr="114" mi="0" ci="2" mb="0" cb="0" />
      <line nr="116" mi="0" ci="1" mb="0" cb="0" />
      <line nr="119" mi="0" ci="1" mb="0" cb="0" />
      <line nr="121" mi="1" ci="0" mb="0" cb="0" />
      <counter type="INSTRUCTION" missed="5" covered="55" />
      <counter type="LINE" missed="1" covered="48" />
      <counter type="METHOD" missed="0" covered="7" />
      <counter type="CLASS" missed="0" covered="1" />
    </sourcefile>
    <counter type="INSTRUCTION" missed="5" covered="55" />
    <counter type="LINE" missed="1" covered="48" />
    <counter type="METHOD" missed="0" covered="7" />
    <counter type="CLASS" missed="0" covered="1" />
  </package>
  <counter type="INSTRUCTION" missed="5" covered="55" />
  <counter type="LINE" missed="1" covered="48" />
  <counter type="METHOD" missed="0" covered="7" />
  <counter type="CLASS" missed="0" covered="1" />
</report>
